[2018-02-22 15:07:55]
	很抱歉，沒有符合條件的資料!
	/home/ubuntu/workspace/tws_gecko/lib/tws_gecko/history.rb:78:in `json'
	/home/ubuntu/workspace/tws_gecko/lib/tws_gecko/history.rb:37:in `monthly'
	/home/ubuntu/workspace/tws_gecko/lib/tws_gecko/history.rb:46:in `daily'
	(irb):3:in `irb_binding'
	/usr/local/rvm/rubies/ruby-2.4.2/lib/ruby/2.4.0/irb/workspace.rb:87:in `eval'
	/usr/local/rvm/rubies/ruby-2.4.2/lib/ruby/2.4.0/irb/workspace.rb:87:in `evaluate'
	/usr/local/rvm/rubies/ruby-2.4.2/lib/ruby/2.4.0/irb/context.rb:381:in `evaluate'
	/usr/local/rvm/rubies/ruby-2.4.2/lib/ruby/2.4.0/irb.rb:493:in `block (2 levels) in eval_input'
	/usr/local/rvm/rubies/ruby-2.4.2/lib/ruby/2.4.0/irb.rb:627:in `signal_status'
	/usr/local/rvm/rubies/ruby-2.4.2/lib/ruby/2.4.0/irb.rb:490:in `block in eval_input'
	/usr/local/rvm/rubies/ruby-2.4.2/lib/ruby/2.4.0/irb/ruby-lex.rb:246:in `block (2 levels) in each_top_level_statement'
	/usr/local/rvm/rubies/ruby-2.4.2/lib/ruby/2.4.0/irb/ruby-lex.rb:232:in `loop'
	/usr/local/rvm/rubies/ruby-2.4.2/lib/ruby/2.4.0/irb/ruby-lex.rb:232:in `block in each_top_level_statement'
	/usr/local/rvm/rubies/ruby-2.4.2/lib/ruby/2.4.0/irb/ruby-lex.rb:231:in `catch'
	/usr/local/rvm/rubies/ruby-2.4.2/lib/ruby/2.4.0/irb/ruby-lex.rb:231:in `each_top_level_statement'
	/usr/local/rvm/rubies/ruby-2.4.2/lib/ruby/2.4.0/irb.rb:489:in `eval_input'
	/usr/local/rvm/rubies/ruby-2.4.2/lib/ruby/2.4.0/irb.rb:430:in `block in run'
	/usr/local/rvm/rubies/ruby-2.4.2/lib/ruby/2.4.0/irb.rb:429:in `catch'
	/usr/local/rvm/rubies/ruby-2.4.2/lib/ruby/2.4.0/irb.rb:429:in `run'
	/usr/local/rvm/rubies/ruby-2.4.2/lib/ruby/2.4.0/irb.rb:385:in `start'
	/usr/local/rvm/rubies/ruby-2.4.2/bin/irb:11:in `<main>'
	2017-01-02
	date=20170102&response=json&stockNo=1011
[2018-02-22 15:08:01]
	很抱歉，沒有符合條件的資料!
	/home/ubuntu/workspace/tws_gecko/lib/tws_gecko/history.rb:78:in `json'
	/home/ubuntu/workspace/tws_gecko/lib/tws_gecko/history.rb:37:in `monthly'
	/home/ubuntu/workspace/tws_gecko/lib/tws_gecko/history.rb:46:in `daily'
	(irb):5:in `irb_binding'
	/usr/local/rvm/rubies/ruby-2.4.2/lib/ruby/2.4.0/irb/workspace.rb:87:in `eval'
	/usr/local/rvm/rubies/ruby-2.4.2/lib/ruby/2.4.0/irb/workspace.rb:87:in `evaluate'
	/usr/local/rvm/rubies/ruby-2.4.2/lib/ruby/2.4.0/irb/context.rb:381:in `evaluate'
	/usr/local/rvm/rubies/ruby-2.4.2/lib/ruby/2.4.0/irb.rb:493:in `block (2 levels) in eval_input'
	/usr/local/rvm/rubies/ruby-2.4.2/lib/ruby/2.4.0/irb.rb:627:in `signal_status'
	/usr/local/rvm/rubies/ruby-2.4.2/lib/ruby/2.4.0/irb.rb:490:in `block in eval_input'
	/usr/local/rvm/rubies/ruby-2.4.2/lib/ruby/2.4.0/irb/ruby-lex.rb:246:in `block (2 levels) in each_top_level_statement'
	/usr/local/rvm/rubies/ruby-2.4.2/lib/ruby/2.4.0/irb/ruby-lex.rb:232:in `loop'
	/usr/local/rvm/rubies/ruby-2.4.2/lib/ruby/2.4.0/irb/ruby-lex.rb:232:in `block in each_top_level_statement'
	/usr/local/rvm/rubies/ruby-2.4.2/lib/ruby/2.4.0/irb/ruby-lex.rb:231:in `catch'
	/usr/local/rvm/rubies/ruby-2.4.2/lib/ruby/2.4.0/irb/ruby-lex.rb:231:in `each_top_level_statement'
	/usr/local/rvm/rubies/ruby-2.4.2/lib/ruby/2.4.0/irb.rb:489:in `eval_input'
	/usr/local/rvm/rubies/ruby-2.4.2/lib/ruby/2.4.0/irb.rb:430:in `block in run'
	/usr/local/rvm/rubies/ruby-2.4.2/lib/ruby/2.4.0/irb.rb:429:in `catch'
	/usr/local/rvm/rubies/ruby-2.4.2/lib/ruby/2.4.0/irb.rb:429:in `run'
	/usr/local/rvm/rubies/ruby-2.4.2/lib/ruby/2.4.0/irb.rb:385:in `start'
	/usr/local/rvm/rubies/ruby-2.4.2/bin/irb:11:in `<main>'
	2017-01-03
	date=20170103&response=json&stockNo=1011
[2018-02-22 15:08:23]
	很抱歉，沒有符合條件的資料!
	/home/ubuntu/workspace/tws_gecko/lib/tws_gecko/history.rb:78:in `json'
	/home/ubuntu/workspace/tws_gecko/lib/tws_gecko/history.rb:37:in `monthly'
	/home/ubuntu/workspace/tws_gecko/lib/tws_gecko/history.rb:46:in `daily'
	(irb):7:in `irb_binding'
	/usr/local/rvm/rubies/ruby-2.4.2/lib/ruby/2.4.0/irb/workspace.rb:87:in `eval'
	/usr/local/rvm/rubies/ruby-2.4.2/lib/ruby/2.4.0/irb/workspace.rb:87:in `evaluate'
	/usr/local/rvm/rubies/ruby-2.4.2/lib/ruby/2.4.0/irb/context.rb:381:in `evaluate'
	/usr/local/rvm/rubies/ruby-2.4.2/lib/ruby/2.4.0/irb.rb:493:in `block (2 levels) in eval_input'
	/usr/local/rvm/rubies/ruby-2.4.2/lib/ruby/2.4.0/irb.rb:627:in `signal_status'
	/usr/local/rvm/rubies/ruby-2.4.2/lib/ruby/2.4.0/irb.rb:490:in `block in eval_input'
	/usr/local/rvm/rubies/ruby-2.4.2/lib/ruby/2.4.0/irb/ruby-lex.rb:246:in `block (2 levels) in each_top_level_statement'
	/usr/local/rvm/rubies/ruby-2.4.2/lib/ruby/2.4.0/irb/ruby-lex.rb:232:in `loop'
	/usr/local/rvm/rubies/ruby-2.4.2/lib/ruby/2.4.0/irb/ruby-lex.rb:232:in `block in each_top_level_statement'
	/usr/local/rvm/rubies/ruby-2.4.2/lib/ruby/2.4.0/irb/ruby-lex.rb:231:in `catch'
	/usr/local/rvm/rubies/ruby-2.4.2/lib/ruby/2.4.0/irb/ruby-lex.rb:231:in `each_top_level_statement'
	/usr/local/rvm/rubies/ruby-2.4.2/lib/ruby/2.4.0/irb.rb:489:in `eval_input'
	/usr/local/rvm/rubies/ruby-2.4.2/lib/ruby/2.4.0/irb.rb:430:in `block in run'
	/usr/local/rvm/rubies/ruby-2.4.2/lib/ruby/2.4.0/irb.rb:429:in `catch'
	/usr/local/rvm/rubies/ruby-2.4.2/lib/ruby/2.4.0/irb.rb:429:in `run'
	/usr/local/rvm/rubies/ruby-2.4.2/lib/ruby/2.4.0/irb.rb:385:in `start'
	/usr/local/rvm/rubies/ruby-2.4.2/bin/irb:11:in `<main>'
	2017-01-04
	date=20170104&response=json&stockNo=1011
[2018-02-22 15:08:44]
	很抱歉，沒有符合條件的資料!
	/home/ubuntu/workspace/tws_gecko/lib/tws_gecko/history.rb:78:in `json'
	/home/ubuntu/workspace/tws_gecko/lib/tws_gecko/history.rb:37:in `monthly'
	/home/ubuntu/workspace/tws_gecko/lib/tws_gecko/history.rb:46:in `daily'
	(irb):9:in `irb_binding'
	/usr/local/rvm/rubies/ruby-2.4.2/lib/ruby/2.4.0/irb/workspace.rb:87:in `eval'
	/usr/local/rvm/rubies/ruby-2.4.2/lib/ruby/2.4.0/irb/workspace.rb:87:in `evaluate'
	/usr/local/rvm/rubies/ruby-2.4.2/lib/ruby/2.4.0/irb/context.rb:381:in `evaluate'
	/usr/local/rvm/rubies/ruby-2.4.2/lib/ruby/2.4.0/irb.rb:493:in `block (2 levels) in eval_input'
	/usr/local/rvm/rubies/ruby-2.4.2/lib/ruby/2.4.0/irb.rb:627:in `signal_status'
	/usr/local/rvm/rubies/ruby-2.4.2/lib/ruby/2.4.0/irb.rb:490:in `block in eval_input'
	/usr/local/rvm/rubies/ruby-2.4.2/lib/ruby/2.4.0/irb/ruby-lex.rb:246:in `block (2 levels) in each_top_level_statement'
	/usr/local/rvm/rubies/ruby-2.4.2/lib/ruby/2.4.0/irb/ruby-lex.rb:232:in `loop'
	/usr/local/rvm/rubies/ruby-2.4.2/lib/ruby/2.4.0/irb/ruby-lex.rb:232:in `block in each_top_level_statement'
	/usr/local/rvm/rubies/ruby-2.4.2/lib/ruby/2.4.0/irb/ruby-lex.rb:231:in `catch'
	/usr/local/rvm/rubies/ruby-2.4.2/lib/ruby/2.4.0/irb/ruby-lex.rb:231:in `each_top_level_statement'
	/usr/local/rvm/rubies/ruby-2.4.2/lib/ruby/2.4.0/irb.rb:489:in `eval_input'
	/usr/local/rvm/rubies/ruby-2.4.2/lib/ruby/2.4.0/irb.rb:430:in `block in run'
	/usr/local/rvm/rubies/ruby-2.4.2/lib/ruby/2.4.0/irb.rb:429:in `catch'
	/usr/local/rvm/rubies/ruby-2.4.2/lib/ruby/2.4.0/irb.rb:429:in `run'
	/usr/local/rvm/rubies/ruby-2.4.2/lib/ruby/2.4.0/irb.rb:385:in `start'
	/usr/local/rvm/rubies/ruby-2.4.2/bin/irb:11:in `<main>'
	2018-02-22
	date=20180222&response=json&stockNo=1011
[2018-02-22 15:12:02]
	很抱歉，沒有符合條件的資料!
	/home/ubuntu/workspace/tws_gecko/lib/tws_gecko/history.rb:78:in `json'
	/home/ubuntu/workspace/tws_gecko/lib/tws_gecko/history.rb:37:in `monthly'
	(irb):10:in `irb_binding'
	/usr/local/rvm/rubies/ruby-2.4.2/lib/ruby/2.4.0/irb/workspace.rb:87:in `eval'
	/usr/local/rvm/rubies/ruby-2.4.2/lib/ruby/2.4.0/irb/workspace.rb:87:in `evaluate'
	/usr/local/rvm/rubies/ruby-2.4.2/lib/ruby/2.4.0/irb/context.rb:381:in `evaluate'
	/usr/local/rvm/rubies/ruby-2.4.2/lib/ruby/2.4.0/irb.rb:493:in `block (2 levels) in eval_input'
	/usr/local/rvm/rubies/ruby-2.4.2/lib/ruby/2.4.0/irb.rb:627:in `signal_status'
	/usr/local/rvm/rubies/ruby-2.4.2/lib/ruby/2.4.0/irb.rb:490:in `block in eval_input'
	/usr/local/rvm/rubies/ruby-2.4.2/lib/ruby/2.4.0/irb/ruby-lex.rb:246:in `block (2 levels) in each_top_level_statement'
	/usr/local/rvm/rubies/ruby-2.4.2/lib/ruby/2.4.0/irb/ruby-lex.rb:232:in `loop'
	/usr/local/rvm/rubies/ruby-2.4.2/lib/ruby/2.4.0/irb/ruby-lex.rb:232:in `block in each_top_level_statement'
	/usr/local/rvm/rubies/ruby-2.4.2/lib/ruby/2.4.0/irb/ruby-lex.rb:231:in `catch'
	/usr/local/rvm/rubies/ruby-2.4.2/lib/ruby/2.4.0/irb/ruby-lex.rb:231:in `each_top_level_statement'
	/usr/local/rvm/rubies/ruby-2.4.2/lib/ruby/2.4.0/irb.rb:489:in `eval_input'
	/usr/local/rvm/rubies/ruby-2.4.2/lib/ruby/2.4.0/irb.rb:430:in `block in run'
	/usr/local/rvm/rubies/ruby-2.4.2/lib/ruby/2.4.0/irb.rb:429:in `catch'
	/usr/local/rvm/rubies/ruby-2.4.2/lib/ruby/2.4.0/irb.rb:429:in `run'
	/usr/local/rvm/rubies/ruby-2.4.2/lib/ruby/2.4.0/irb.rb:385:in `start'
	/usr/local/rvm/rubies/ruby-2.4.2/bin/irb:11:in `<main>'
	2018-02-22
	date=20180222&response=json&stockNo=1011
[2018-02-22 15:14:54]
	很抱歉，沒有符合條件的資料!
	/home/ubuntu/workspace/tws_gecko/lib/tws_gecko/history.rb:78:in `json'
	/home/ubuntu/workspace/tws_gecko/lib/tws_gecko/history.rb:37:in `monthly'
	(irb):2:in `irb_binding'
	/usr/local/rvm/rubies/ruby-2.4.2/lib/ruby/2.4.0/irb/workspace.rb:87:in `eval'
	/usr/local/rvm/rubies/ruby-2.4.2/lib/ruby/2.4.0/irb/workspace.rb:87:in `evaluate'
	/usr/local/rvm/rubies/ruby-2.4.2/lib/ruby/2.4.0/irb/context.rb:381:in `evaluate'
	/usr/local/rvm/rubies/ruby-2.4.2/lib/ruby/2.4.0/irb.rb:493:in `block (2 levels) in eval_input'
	/usr/local/rvm/rubies/ruby-2.4.2/lib/ruby/2.4.0/irb.rb:627:in `signal_status'
	/usr/local/rvm/rubies/ruby-2.4.2/lib/ruby/2.4.0/irb.rb:490:in `block in eval_input'
	/usr/local/rvm/rubies/ruby-2.4.2/lib/ruby/2.4.0/irb/ruby-lex.rb:246:in `block (2 levels) in each_top_level_statement'
	/usr/local/rvm/rubies/ruby-2.4.2/lib/ruby/2.4.0/irb/ruby-lex.rb:232:in `loop'
	/usr/local/rvm/rubies/ruby-2.4.2/lib/ruby/2.4.0/irb/ruby-lex.rb:232:in `block in each_top_level_statement'
	/usr/local/rvm/rubies/ruby-2.4.2/lib/ruby/2.4.0/irb/ruby-lex.rb:231:in `catch'
	/usr/local/rvm/rubies/ruby-2.4.2/lib/ruby/2.4.0/irb/ruby-lex.rb:231:in `each_top_level_statement'
	/usr/local/rvm/rubies/ruby-2.4.2/lib/ruby/2.4.0/irb.rb:489:in `eval_input'
	/usr/local/rvm/rubies/ruby-2.4.2/lib/ruby/2.4.0/irb.rb:430:in `block in run'
	/usr/local/rvm/rubies/ruby-2.4.2/lib/ruby/2.4.0/irb.rb:429:in `catch'
	/usr/local/rvm/rubies/ruby-2.4.2/lib/ruby/2.4.0/irb.rb:429:in `run'
	/usr/local/rvm/rubies/ruby-2.4.2/lib/ruby/2.4.0/irb.rb:385:in `start'
	/usr/local/rvm/rubies/ruby-2.4.2/bin/irb:11:in `<main>'
	2018-02-22
	response=json&date=20180222&stockNo=1011
[2018-02-22 15:16:17]
	很抱歉，沒有符合條件的資料!
	/home/ubuntu/workspace/tws_gecko/lib/tws_gecko/history.rb:78:in `json'
	/home/ubuntu/workspace/tws_gecko/lib/tws_gecko/history.rb:37:in `monthly'
	(irb):2:in `irb_binding'
	/usr/local/rvm/rubies/ruby-2.4.2/lib/ruby/2.4.0/irb/workspace.rb:87:in `eval'
	/usr/local/rvm/rubies/ruby-2.4.2/lib/ruby/2.4.0/irb/workspace.rb:87:in `evaluate'
	/usr/local/rvm/rubies/ruby-2.4.2/lib/ruby/2.4.0/irb/context.rb:381:in `evaluate'
	/usr/local/rvm/rubies/ruby-2.4.2/lib/ruby/2.4.0/irb.rb:493:in `block (2 levels) in eval_input'
	/usr/local/rvm/rubies/ruby-2.4.2/lib/ruby/2.4.0/irb.rb:627:in `signal_status'
	/usr/local/rvm/rubies/ruby-2.4.2/lib/ruby/2.4.0/irb.rb:490:in `block in eval_input'
	/usr/local/rvm/rubies/ruby-2.4.2/lib/ruby/2.4.0/irb/ruby-lex.rb:246:in `block (2 levels) in each_top_level_statement'
	/usr/local/rvm/rubies/ruby-2.4.2/lib/ruby/2.4.0/irb/ruby-lex.rb:232:in `loop'
	/usr/local/rvm/rubies/ruby-2.4.2/lib/ruby/2.4.0/irb/ruby-lex.rb:232:in `block in each_top_level_statement'
	/usr/local/rvm/rubies/ruby-2.4.2/lib/ruby/2.4.0/irb/ruby-lex.rb:231:in `catch'
	/usr/local/rvm/rubies/ruby-2.4.2/lib/ruby/2.4.0/irb/ruby-lex.rb:231:in `each_top_level_statement'
	/usr/local/rvm/rubies/ruby-2.4.2/lib/ruby/2.4.0/irb.rb:489:in `eval_input'
	/usr/local/rvm/rubies/ruby-2.4.2/lib/ruby/2.4.0/irb.rb:430:in `block in run'
	/usr/local/rvm/rubies/ruby-2.4.2/lib/ruby/2.4.0/irb.rb:429:in `catch'
	/usr/local/rvm/rubies/ruby-2.4.2/lib/ruby/2.4.0/irb.rb:429:in `run'
	/usr/local/rvm/rubies/ruby-2.4.2/lib/ruby/2.4.0/irb.rb:385:in `start'
	/usr/local/rvm/rubies/ruby-2.4.2/bin/irb:11:in `<main>'
	2018-02-22
	http://www.twse.com.tw/exchangeReport/STOCK_DAY?response=json&date=20180222&stockNo=1011
[2018-02-22 15:21:05]
	查詢日期大於今日，請重新查詢!
	/home/ubuntu/workspace/tws_gecko/lib/tws_gecko/history.rb:78:in `json'
	/home/ubuntu/workspace/tws_gecko/lib/tws_gecko/history.rb:37:in `monthly'
	/home/ubuntu/workspace/tws_gecko/lib/tws_gecko/history.rb:53:in `block in yearly'
	/home/ubuntu/workspace/tws_gecko/lib/tws_gecko/history.rb:52:in `each'
	/home/ubuntu/workspace/tws_gecko/lib/tws_gecko/history.rb:52:in `yearly'
	(irb):17:in `irb_binding'
	/usr/local/rvm/rubies/ruby-2.4.2/lib/ruby/2.4.0/irb/workspace.rb:87:in `eval'
	/usr/local/rvm/rubies/ruby-2.4.2/lib/ruby/2.4.0/irb/workspace.rb:87:in `evaluate'
	/usr/local/rvm/rubies/ruby-2.4.2/lib/ruby/2.4.0/irb/context.rb:381:in `evaluate'
	/usr/local/rvm/rubies/ruby-2.4.2/lib/ruby/2.4.0/irb.rb:493:in `block (2 levels) in eval_input'
	/usr/local/rvm/rubies/ruby-2.4.2/lib/ruby/2.4.0/irb.rb:627:in `signal_status'
	/usr/local/rvm/rubies/ruby-2.4.2/lib/ruby/2.4.0/irb.rb:490:in `block in eval_input'
	/usr/local/rvm/rubies/ruby-2.4.2/lib/ruby/2.4.0/irb/ruby-lex.rb:246:in `block (2 levels) in each_top_level_statement'
	/usr/local/rvm/rubies/ruby-2.4.2/lib/ruby/2.4.0/irb/ruby-lex.rb:232:in `loop'
	/usr/local/rvm/rubies/ruby-2.4.2/lib/ruby/2.4.0/irb/ruby-lex.rb:232:in `block in each_top_level_statement'
	/usr/local/rvm/rubies/ruby-2.4.2/lib/ruby/2.4.0/irb/ruby-lex.rb:231:in `catch'
	/usr/local/rvm/rubies/ruby-2.4.2/lib/ruby/2.4.0/irb/ruby-lex.rb:231:in `each_top_level_statement'
	/usr/local/rvm/rubies/ruby-2.4.2/lib/ruby/2.4.0/irb.rb:489:in `eval_input'
	/usr/local/rvm/rubies/ruby-2.4.2/lib/ruby/2.4.0/irb.rb:430:in `block in run'
	/usr/local/rvm/rubies/ruby-2.4.2/lib/ruby/2.4.0/irb.rb:429:in `catch'
	/usr/local/rvm/rubies/ruby-2.4.2/lib/ruby/2.4.0/irb.rb:429:in `run'
	/usr/local/rvm/rubies/ruby-2.4.2/lib/ruby/2.4.0/irb.rb:385:in `start'
	/usr/local/rvm/rubies/ruby-2.4.2/bin/irb:11:in `<main>'
	2018-02-22
	http://www.twse.com.tw/exchangeReport/STOCK_DAY?response=json&date=20180222&stockNo=1101
[2018-02-22 15:21:07]
	查詢日期大於今日，請重新查詢!
	/home/ubuntu/workspace/tws_gecko/lib/tws_gecko/history.rb:78:in `json'
	/home/ubuntu/workspace/tws_gecko/lib/tws_gecko/history.rb:37:in `monthly'
	/home/ubuntu/workspace/tws_gecko/lib/tws_gecko/history.rb:53:in `block in yearly'
	/home/ubuntu/workspace/tws_gecko/lib/tws_gecko/history.rb:52:in `each'
	/home/ubuntu/workspace/tws_gecko/lib/tws_gecko/history.rb:52:in `yearly'
	(irb):17:in `irb_binding'
	/usr/local/rvm/rubies/ruby-2.4.2/lib/ruby/2.4.0/irb/workspace.rb:87:in `eval'
	/usr/local/rvm/rubies/ruby-2.4.2/lib/ruby/2.4.0/irb/workspace.rb:87:in `evaluate'
	/usr/local/rvm/rubies/ruby-2.4.2/lib/ruby/2.4.0/irb/context.rb:381:in `evaluate'
	/usr/local/rvm/rubies/ruby-2.4.2/lib/ruby/2.4.0/irb.rb:493:in `block (2 levels) in eval_input'
	/usr/local/rvm/rubies/ruby-2.4.2/lib/ruby/2.4.0/irb.rb:627:in `signal_status'
	/usr/local/rvm/rubies/ruby-2.4.2/lib/ruby/2.4.0/irb.rb:490:in `block in eval_input'
	/usr/local/rvm/rubies/ruby-2.4.2/lib/ruby/2.4.0/irb/ruby-lex.rb:246:in `block (2 levels) in each_top_level_statement'
	/usr/local/rvm/rubies/ruby-2.4.2/lib/ruby/2.4.0/irb/ruby-lex.rb:232:in `loop'
	/usr/local/rvm/rubies/ruby-2.4.2/lib/ruby/2.4.0/irb/ruby-lex.rb:232:in `block in each_top_level_statement'
	/usr/local/rvm/rubies/ruby-2.4.2/lib/ruby/2.4.0/irb/ruby-lex.rb:231:in `catch'
	/usr/local/rvm/rubies/ruby-2.4.2/lib/ruby/2.4.0/irb/ruby-lex.rb:231:in `each_top_level_statement'
	/usr/local/rvm/rubies/ruby-2.4.2/lib/ruby/2.4.0/irb.rb:489:in `eval_input'
	/usr/local/rvm/rubies/ruby-2.4.2/lib/ruby/2.4.0/irb.rb:430:in `block in run'
	/usr/local/rvm/rubies/ruby-2.4.2/lib/ruby/2.4.0/irb.rb:429:in `catch'
	/usr/local/rvm/rubies/ruby-2.4.2/lib/ruby/2.4.0/irb.rb:429:in `run'
	/usr/local/rvm/rubies/ruby-2.4.2/lib/ruby/2.4.0/irb.rb:385:in `start'
	/usr/local/rvm/rubies/ruby-2.4.2/bin/irb:11:in `<main>'
	2018-02-22
	http://www.twse.com.tw/exchangeReport/STOCK_DAY?response=json&date=20180222&stockNo=1101
[2018-02-22 15:21:08]
	查詢日期大於今日，請重新查詢!
	/home/ubuntu/workspace/tws_gecko/lib/tws_gecko/history.rb:78:in `json'
	/home/ubuntu/workspace/tws_gecko/lib/tws_gecko/history.rb:37:in `monthly'
	/home/ubuntu/workspace/tws_gecko/lib/tws_gecko/history.rb:53:in `block in yearly'
	/home/ubuntu/workspace/tws_gecko/lib/tws_gecko/history.rb:52:in `each'
	/home/ubuntu/workspace/tws_gecko/lib/tws_gecko/history.rb:52:in `yearly'
	(irb):17:in `irb_binding'
	/usr/local/rvm/rubies/ruby-2.4.2/lib/ruby/2.4.0/irb/workspace.rb:87:in `eval'
	/usr/local/rvm/rubies/ruby-2.4.2/lib/ruby/2.4.0/irb/workspace.rb:87:in `evaluate'
	/usr/local/rvm/rubies/ruby-2.4.2/lib/ruby/2.4.0/irb/context.rb:381:in `evaluate'
	/usr/local/rvm/rubies/ruby-2.4.2/lib/ruby/2.4.0/irb.rb:493:in `block (2 levels) in eval_input'
	/usr/local/rvm/rubies/ruby-2.4.2/lib/ruby/2.4.0/irb.rb:627:in `signal_status'
	/usr/local/rvm/rubies/ruby-2.4.2/lib/ruby/2.4.0/irb.rb:490:in `block in eval_input'
	/usr/local/rvm/rubies/ruby-2.4.2/lib/ruby/2.4.0/irb/ruby-lex.rb:246:in `block (2 levels) in each_top_level_statement'
	/usr/local/rvm/rubies/ruby-2.4.2/lib/ruby/2.4.0/irb/ruby-lex.rb:232:in `loop'
	/usr/local/rvm/rubies/ruby-2.4.2/lib/ruby/2.4.0/irb/ruby-lex.rb:232:in `block in each_top_level_statement'
	/usr/local/rvm/rubies/ruby-2.4.2/lib/ruby/2.4.0/irb/ruby-lex.rb:231:in `catch'
	/usr/local/rvm/rubies/ruby-2.4.2/lib/ruby/2.4.0/irb/ruby-lex.rb:231:in `each_top_level_statement'
	/usr/local/rvm/rubies/ruby-2.4.2/lib/ruby/2.4.0/irb.rb:489:in `eval_input'
	/usr/local/rvm/rubies/ruby-2.4.2/lib/ruby/2.4.0/irb.rb:430:in `block in run'
	/usr/local/rvm/rubies/ruby-2.4.2/lib/ruby/2.4.0/irb.rb:429:in `catch'
	/usr/local/rvm/rubies/ruby-2.4.2/lib/ruby/2.4.0/irb.rb:429:in `run'
	/usr/local/rvm/rubies/ruby-2.4.2/lib/ruby/2.4.0/irb.rb:385:in `start'
	/usr/local/rvm/rubies/ruby-2.4.2/bin/irb:11:in `<main>'
	2018-02-22
	http://www.twse.com.tw/exchangeReport/STOCK_DAY?response=json&date=20180222&stockNo=1101
[2018-02-22 15:21:09]
	查詢日期大於今日，請重新查詢!
	/home/ubuntu/workspace/tws_gecko/lib/tws_gecko/history.rb:78:in `json'
	/home/ubuntu/workspace/tws_gecko/lib/tws_gecko/history.rb:37:in `monthly'
	/home/ubuntu/workspace/tws_gecko/lib/tws_gecko/history.rb:53:in `block in yearly'
	/home/ubuntu/workspace/tws_gecko/lib/tws_gecko/history.rb:52:in `each'
	/home/ubuntu/workspace/tws_gecko/lib/tws_gecko/history.rb:52:in `yearly'
	(irb):17:in `irb_binding'
	/usr/local/rvm/rubies/ruby-2.4.2/lib/ruby/2.4.0/irb/workspace.rb:87:in `eval'
	/usr/local/rvm/rubies/ruby-2.4.2/lib/ruby/2.4.0/irb/workspace.rb:87:in `evaluate'
	/usr/local/rvm/rubies/ruby-2.4.2/lib/ruby/2.4.0/irb/context.rb:381:in `evaluate'
	/usr/local/rvm/rubies/ruby-2.4.2/lib/ruby/2.4.0/irb.rb:493:in `block (2 levels) in eval_input'
	/usr/local/rvm/rubies/ruby-2.4.2/lib/ruby/2.4.0/irb.rb:627:in `signal_status'
	/usr/local/rvm/rubies/ruby-2.4.2/lib/ruby/2.4.0/irb.rb:490:in `block in eval_input'
	/usr/local/rvm/rubies/ruby-2.4.2/lib/ruby/2.4.0/irb/ruby-lex.rb:246:in `block (2 levels) in each_top_level_statement'
	/usr/local/rvm/rubies/ruby-2.4.2/lib/ruby/2.4.0/irb/ruby-lex.rb:232:in `loop'
	/usr/local/rvm/rubies/ruby-2.4.2/lib/ruby/2.4.0/irb/ruby-lex.rb:232:in `block in each_top_level_statement'
	/usr/local/rvm/rubies/ruby-2.4.2/lib/ruby/2.4.0/irb/ruby-lex.rb:231:in `catch'
	/usr/local/rvm/rubies/ruby-2.4.2/lib/ruby/2.4.0/irb/ruby-lex.rb:231:in `each_top_level_statement'
	/usr/local/rvm/rubies/ruby-2.4.2/lib/ruby/2.4.0/irb.rb:489:in `eval_input'
	/usr/local/rvm/rubies/ruby-2.4.2/lib/ruby/2.4.0/irb.rb:430:in `block in run'
	/usr/local/rvm/rubies/ruby-2.4.2/lib/ruby/2.4.0/irb.rb:429:in `catch'
	/usr/local/rvm/rubies/ruby-2.4.2/lib/ruby/2.4.0/irb.rb:429:in `run'
	/usr/local/rvm/rubies/ruby-2.4.2/lib/ruby/2.4.0/irb.rb:385:in `start'
	/usr/local/rvm/rubies/ruby-2.4.2/bin/irb:11:in `<main>'
	2018-02-22
	http://www.twse.com.tw/exchangeReport/STOCK_DAY?response=json&date=20180222&stockNo=1101
[2018-02-22 15:21:11]
	查詢日期大於今日，請重新查詢!
	/home/ubuntu/workspace/tws_gecko/lib/tws_gecko/history.rb:78:in `json'
	/home/ubuntu/workspace/tws_gecko/lib/tws_gecko/history.rb:37:in `monthly'
	/home/ubuntu/workspace/tws_gecko/lib/tws_gecko/history.rb:53:in `block in yearly'
	/home/ubuntu/workspace/tws_gecko/lib/tws_gecko/history.rb:52:in `each'
	/home/ubuntu/workspace/tws_gecko/lib/tws_gecko/history.rb:52:in `yearly'
	(irb):17:in `irb_binding'
	/usr/local/rvm/rubies/ruby-2.4.2/lib/ruby/2.4.0/irb/workspace.rb:87:in `eval'
	/usr/local/rvm/rubies/ruby-2.4.2/lib/ruby/2.4.0/irb/workspace.rb:87:in `evaluate'
	/usr/local/rvm/rubies/ruby-2.4.2/lib/ruby/2.4.0/irb/context.rb:381:in `evaluate'
	/usr/local/rvm/rubies/ruby-2.4.2/lib/ruby/2.4.0/irb.rb:493:in `block (2 levels) in eval_input'
	/usr/local/rvm/rubies/ruby-2.4.2/lib/ruby/2.4.0/irb.rb:627:in `signal_status'
	/usr/local/rvm/rubies/ruby-2.4.2/lib/ruby/2.4.0/irb.rb:490:in `block in eval_input'
	/usr/local/rvm/rubies/ruby-2.4.2/lib/ruby/2.4.0/irb/ruby-lex.rb:246:in `block (2 levels) in each_top_level_statement'
	/usr/local/rvm/rubies/ruby-2.4.2/lib/ruby/2.4.0/irb/ruby-lex.rb:232:in `loop'
	/usr/local/rvm/rubies/ruby-2.4.2/lib/ruby/2.4.0/irb/ruby-lex.rb:232:in `block in each_top_level_statement'
	/usr/local/rvm/rubies/ruby-2.4.2/lib/ruby/2.4.0/irb/ruby-lex.rb:231:in `catch'
	/usr/local/rvm/rubies/ruby-2.4.2/lib/ruby/2.4.0/irb/ruby-lex.rb:231:in `each_top_level_statement'
	/usr/local/rvm/rubies/ruby-2.4.2/lib/ruby/2.4.0/irb.rb:489:in `eval_input'
	/usr/local/rvm/rubies/ruby-2.4.2/lib/ruby/2.4.0/irb.rb:430:in `block in run'
	/usr/local/rvm/rubies/ruby-2.4.2/lib/ruby/2.4.0/irb.rb:429:in `catch'
	/usr/local/rvm/rubies/ruby-2.4.2/lib/ruby/2.4.0/irb.rb:429:in `run'
	/usr/local/rvm/rubies/ruby-2.4.2/lib/ruby/2.4.0/irb.rb:385:in `start'
	/usr/local/rvm/rubies/ruby-2.4.2/bin/irb:11:in `<main>'
	2018-02-22
	http://www.twse.com.tw/exchangeReport/STOCK_DAY?response=json&date=20180222&stockNo=1101
[2018-02-22 15:21:12]
	查詢日期大於今日，請重新查詢!
	/home/ubuntu/workspace/tws_gecko/lib/tws_gecko/history.rb:78:in `json'
	/home/ubuntu/workspace/tws_gecko/lib/tws_gecko/history.rb:37:in `monthly'
	/home/ubuntu/workspace/tws_gecko/lib/tws_gecko/history.rb:53:in `block in yearly'
	/home/ubuntu/workspace/tws_gecko/lib/tws_gecko/history.rb:52:in `each'
	/home/ubuntu/workspace/tws_gecko/lib/tws_gecko/history.rb:52:in `yearly'
	(irb):17:in `irb_binding'
	/usr/local/rvm/rubies/ruby-2.4.2/lib/ruby/2.4.0/irb/workspace.rb:87:in `eval'
	/usr/local/rvm/rubies/ruby-2.4.2/lib/ruby/2.4.0/irb/workspace.rb:87:in `evaluate'
	/usr/local/rvm/rubies/ruby-2.4.2/lib/ruby/2.4.0/irb/context.rb:381:in `evaluate'
	/usr/local/rvm/rubies/ruby-2.4.2/lib/ruby/2.4.0/irb.rb:493:in `block (2 levels) in eval_input'
	/usr/local/rvm/rubies/ruby-2.4.2/lib/ruby/2.4.0/irb.rb:627:in `signal_status'
	/usr/local/rvm/rubies/ruby-2.4.2/lib/ruby/2.4.0/irb.rb:490:in `block in eval_input'
	/usr/local/rvm/rubies/ruby-2.4.2/lib/ruby/2.4.0/irb/ruby-lex.rb:246:in `block (2 levels) in each_top_level_statement'
	/usr/local/rvm/rubies/ruby-2.4.2/lib/ruby/2.4.0/irb/ruby-lex.rb:232:in `loop'
	/usr/local/rvm/rubies/ruby-2.4.2/lib/ruby/2.4.0/irb/ruby-lex.rb:232:in `block in each_top_level_statement'
	/usr/local/rvm/rubies/ruby-2.4.2/lib/ruby/2.4.0/irb/ruby-lex.rb:231:in `catch'
	/usr/local/rvm/rubies/ruby-2.4.2/lib/ruby/2.4.0/irb/ruby-lex.rb:231:in `each_top_level_statement'
	/usr/local/rvm/rubies/ruby-2.4.2/lib/ruby/2.4.0/irb.rb:489:in `eval_input'
	/usr/local/rvm/rubies/ruby-2.4.2/lib/ruby/2.4.0/irb.rb:430:in `block in run'
	/usr/local/rvm/rubies/ruby-2.4.2/lib/ruby/2.4.0/irb.rb:429:in `catch'
	/usr/local/rvm/rubies/ruby-2.4.2/lib/ruby/2.4.0/irb.rb:429:in `run'
	/usr/local/rvm/rubies/ruby-2.4.2/lib/ruby/2.4.0/irb.rb:385:in `start'
	/usr/local/rvm/rubies/ruby-2.4.2/bin/irb:11:in `<main>'
	2018-02-22
	http://www.twse.com.tw/exchangeReport/STOCK_DAY?response=json&date=20180222&stockNo=1101
[2018-02-22 15:21:13]
	查詢日期大於今日，請重新查詢!
	/home/ubuntu/workspace/tws_gecko/lib/tws_gecko/history.rb:78:in `json'
	/home/ubuntu/workspace/tws_gecko/lib/tws_gecko/history.rb:37:in `monthly'
	/home/ubuntu/workspace/tws_gecko/lib/tws_gecko/history.rb:53:in `block in yearly'
	/home/ubuntu/workspace/tws_gecko/lib/tws_gecko/history.rb:52:in `each'
	/home/ubuntu/workspace/tws_gecko/lib/tws_gecko/history.rb:52:in `yearly'
	(irb):17:in `irb_binding'
	/usr/local/rvm/rubies/ruby-2.4.2/lib/ruby/2.4.0/irb/workspace.rb:87:in `eval'
	/usr/local/rvm/rubies/ruby-2.4.2/lib/ruby/2.4.0/irb/workspace.rb:87:in `evaluate'
	/usr/local/rvm/rubies/ruby-2.4.2/lib/ruby/2.4.0/irb/context.rb:381:in `evaluate'
	/usr/local/rvm/rubies/ruby-2.4.2/lib/ruby/2.4.0/irb.rb:493:in `block (2 levels) in eval_input'
	/usr/local/rvm/rubies/ruby-2.4.2/lib/ruby/2.4.0/irb.rb:627:in `signal_status'
	/usr/local/rvm/rubies/ruby-2.4.2/lib/ruby/2.4.0/irb.rb:490:in `block in eval_input'
	/usr/local/rvm/rubies/ruby-2.4.2/lib/ruby/2.4.0/irb/ruby-lex.rb:246:in `block (2 levels) in each_top_level_statement'
	/usr/local/rvm/rubies/ruby-2.4.2/lib/ruby/2.4.0/irb/ruby-lex.rb:232:in `loop'
	/usr/local/rvm/rubies/ruby-2.4.2/lib/ruby/2.4.0/irb/ruby-lex.rb:232:in `block in each_top_level_statement'
	/usr/local/rvm/rubies/ruby-2.4.2/lib/ruby/2.4.0/irb/ruby-lex.rb:231:in `catch'
	/usr/local/rvm/rubies/ruby-2.4.2/lib/ruby/2.4.0/irb/ruby-lex.rb:231:in `each_top_level_statement'
	/usr/local/rvm/rubies/ruby-2.4.2/lib/ruby/2.4.0/irb.rb:489:in `eval_input'
	/usr/local/rvm/rubies/ruby-2.4.2/lib/ruby/2.4.0/irb.rb:430:in `block in run'
	/usr/local/rvm/rubies/ruby-2.4.2/lib/ruby/2.4.0/irb.rb:429:in `catch'
	/usr/local/rvm/rubies/ruby-2.4.2/lib/ruby/2.4.0/irb.rb:429:in `run'
	/usr/local/rvm/rubies/ruby-2.4.2/lib/ruby/2.4.0/irb.rb:385:in `start'
	/usr/local/rvm/rubies/ruby-2.4.2/bin/irb:11:in `<main>'
	2018-02-22
	http://www.twse.com.tw/exchangeReport/STOCK_DAY?response=json&date=20180222&stockNo=1101
[2018-02-22 15:21:14]
	查詢日期大於今日，請重新查詢!
	/home/ubuntu/workspace/tws_gecko/lib/tws_gecko/history.rb:78:in `json'
	/home/ubuntu/workspace/tws_gecko/lib/tws_gecko/history.rb:37:in `monthly'
	/home/ubuntu/workspace/tws_gecko/lib/tws_gecko/history.rb:53:in `block in yearly'
	/home/ubuntu/workspace/tws_gecko/lib/tws_gecko/history.rb:52:in `each'
	/home/ubuntu/workspace/tws_gecko/lib/tws_gecko/history.rb:52:in `yearly'
	(irb):17:in `irb_binding'
	/usr/local/rvm/rubies/ruby-2.4.2/lib/ruby/2.4.0/irb/workspace.rb:87:in `eval'
	/usr/local/rvm/rubies/ruby-2.4.2/lib/ruby/2.4.0/irb/workspace.rb:87:in `evaluate'
	/usr/local/rvm/rubies/ruby-2.4.2/lib/ruby/2.4.0/irb/context.rb:381:in `evaluate'
	/usr/local/rvm/rubies/ruby-2.4.2/lib/ruby/2.4.0/irb.rb:493:in `block (2 levels) in eval_input'
	/usr/local/rvm/rubies/ruby-2.4.2/lib/ruby/2.4.0/irb.rb:627:in `signal_status'
	/usr/local/rvm/rubies/ruby-2.4.2/lib/ruby/2.4.0/irb.rb:490:in `block in eval_input'
	/usr/local/rvm/rubies/ruby-2.4.2/lib/ruby/2.4.0/irb/ruby-lex.rb:246:in `block (2 levels) in each_top_level_statement'
	/usr/local/rvm/rubies/ruby-2.4.2/lib/ruby/2.4.0/irb/ruby-lex.rb:232:in `loop'
	/usr/local/rvm/rubies/ruby-2.4.2/lib/ruby/2.4.0/irb/ruby-lex.rb:232:in `block in each_top_level_statement'
	/usr/local/rvm/rubies/ruby-2.4.2/lib/ruby/2.4.0/irb/ruby-lex.rb:231:in `catch'
	/usr/local/rvm/rubies/ruby-2.4.2/lib/ruby/2.4.0/irb/ruby-lex.rb:231:in `each_top_level_statement'
	/usr/local/rvm/rubies/ruby-2.4.2/lib/ruby/2.4.0/irb.rb:489:in `eval_input'
	/usr/local/rvm/rubies/ruby-2.4.2/lib/ruby/2.4.0/irb.rb:430:in `block in run'
	/usr/local/rvm/rubies/ruby-2.4.2/lib/ruby/2.4.0/irb.rb:429:in `catch'
	/usr/local/rvm/rubies/ruby-2.4.2/lib/ruby/2.4.0/irb.rb:429:in `run'
	/usr/local/rvm/rubies/ruby-2.4.2/lib/ruby/2.4.0/irb.rb:385:in `start'
	/usr/local/rvm/rubies/ruby-2.4.2/bin/irb:11:in `<main>'
	2018-02-22
	http://www.twse.com.tw/exchangeReport/STOCK_DAY?response=json&date=20180222&stockNo=1101
[2018-02-22 15:21:16]
	查詢日期大於今日，請重新查詢!
	/home/ubuntu/workspace/tws_gecko/lib/tws_gecko/history.rb:78:in `json'
	/home/ubuntu/workspace/tws_gecko/lib/tws_gecko/history.rb:37:in `monthly'
	/home/ubuntu/workspace/tws_gecko/lib/tws_gecko/history.rb:53:in `block in yearly'
	/home/ubuntu/workspace/tws_gecko/lib/tws_gecko/history.rb:52:in `each'
	/home/ubuntu/workspace/tws_gecko/lib/tws_gecko/history.rb:52:in `yearly'
	(irb):17:in `irb_binding'
	/usr/local/rvm/rubies/ruby-2.4.2/lib/ruby/2.4.0/irb/workspace.rb:87:in `eval'
	/usr/local/rvm/rubies/ruby-2.4.2/lib/ruby/2.4.0/irb/workspace.rb:87:in `evaluate'
	/usr/local/rvm/rubies/ruby-2.4.2/lib/ruby/2.4.0/irb/context.rb:381:in `evaluate'
	/usr/local/rvm/rubies/ruby-2.4.2/lib/ruby/2.4.0/irb.rb:493:in `block (2 levels) in eval_input'
	/usr/local/rvm/rubies/ruby-2.4.2/lib/ruby/2.4.0/irb.rb:627:in `signal_status'
	/usr/local/rvm/rubies/ruby-2.4.2/lib/ruby/2.4.0/irb.rb:490:in `block in eval_input'
	/usr/local/rvm/rubies/ruby-2.4.2/lib/ruby/2.4.0/irb/ruby-lex.rb:246:in `block (2 levels) in each_top_level_statement'
	/usr/local/rvm/rubies/ruby-2.4.2/lib/ruby/2.4.0/irb/ruby-lex.rb:232:in `loop'
	/usr/local/rvm/rubies/ruby-2.4.2/lib/ruby/2.4.0/irb/ruby-lex.rb:232:in `block in each_top_level_statement'
	/usr/local/rvm/rubies/ruby-2.4.2/lib/ruby/2.4.0/irb/ruby-lex.rb:231:in `catch'
	/usr/local/rvm/rubies/ruby-2.4.2/lib/ruby/2.4.0/irb/ruby-lex.rb:231:in `each_top_level_statement'
	/usr/local/rvm/rubies/ruby-2.4.2/lib/ruby/2.4.0/irb.rb:489:in `eval_input'
	/usr/local/rvm/rubies/ruby-2.4.2/lib/ruby/2.4.0/irb.rb:430:in `block in run'
	/usr/local/rvm/rubies/ruby-2.4.2/lib/ruby/2.4.0/irb.rb:429:in `catch'
	/usr/local/rvm/rubies/ruby-2.4.2/lib/ruby/2.4.0/irb.rb:429:in `run'
	/usr/local/rvm/rubies/ruby-2.4.2/lib/ruby/2.4.0/irb.rb:385:in `start'
	/usr/local/rvm/rubies/ruby-2.4.2/bin/irb:11:in `<main>'
	2018-02-22
	http://www.twse.com.tw/exchangeReport/STOCK_DAY?response=json&date=20180222&stockNo=1101
[2018-02-22 15:21:17]
	查詢日期大於今日，請重新查詢!
	/home/ubuntu/workspace/tws_gecko/lib/tws_gecko/history.rb:78:in `json'
	/home/ubuntu/workspace/tws_gecko/lib/tws_gecko/history.rb:37:in `monthly'
	/home/ubuntu/workspace/tws_gecko/lib/tws_gecko/history.rb:53:in `block in yearly'
	/home/ubuntu/workspace/tws_gecko/lib/tws_gecko/history.rb:52:in `each'
	/home/ubuntu/workspace/tws_gecko/lib/tws_gecko/history.rb:52:in `yearly'
	(irb):17:in `irb_binding'
	/usr/local/rvm/rubies/ruby-2.4.2/lib/ruby/2.4.0/irb/workspace.rb:87:in `eval'
	/usr/local/rvm/rubies/ruby-2.4.2/lib/ruby/2.4.0/irb/workspace.rb:87:in `evaluate'
	/usr/local/rvm/rubies/ruby-2.4.2/lib/ruby/2.4.0/irb/context.rb:381:in `evaluate'
	/usr/local/rvm/rubies/ruby-2.4.2/lib/ruby/2.4.0/irb.rb:493:in `block (2 levels) in eval_input'
	/usr/local/rvm/rubies/ruby-2.4.2/lib/ruby/2.4.0/irb.rb:627:in `signal_status'
	/usr/local/rvm/rubies/ruby-2.4.2/lib/ruby/2.4.0/irb.rb:490:in `block in eval_input'
	/usr/local/rvm/rubies/ruby-2.4.2/lib/ruby/2.4.0/irb/ruby-lex.rb:246:in `block (2 levels) in each_top_level_statement'
	/usr/local/rvm/rubies/ruby-2.4.2/lib/ruby/2.4.0/irb/ruby-lex.rb:232:in `loop'
	/usr/local/rvm/rubies/ruby-2.4.2/lib/ruby/2.4.0/irb/ruby-lex.rb:232:in `block in each_top_level_statement'
	/usr/local/rvm/rubies/ruby-2.4.2/lib/ruby/2.4.0/irb/ruby-lex.rb:231:in `catch'
	/usr/local/rvm/rubies/ruby-2.4.2/lib/ruby/2.4.0/irb/ruby-lex.rb:231:in `each_top_level_statement'
	/usr/local/rvm/rubies/ruby-2.4.2/lib/ruby/2.4.0/irb.rb:489:in `eval_input'
	/usr/local/rvm/rubies/ruby-2.4.2/lib/ruby/2.4.0/irb.rb:430:in `block in run'
	/usr/local/rvm/rubies/ruby-2.4.2/lib/ruby/2.4.0/irb.rb:429:in `catch'
	/usr/local/rvm/rubies/ruby-2.4.2/lib/ruby/2.4.0/irb.rb:429:in `run'
	/usr/local/rvm/rubies/ruby-2.4.2/lib/ruby/2.4.0/irb.rb:385:in `start'
	/usr/local/rvm/rubies/ruby-2.4.2/bin/irb:11:in `<main>'
	2018-02-22
	http://www.twse.com.tw/exchangeReport/STOCK_DAY?response=json&date=20180222&stockNo=1101
